<?xml version="1.0" encoding="UTF-8"?>
<testng-results total="1" passed="1" failed="0" skipped="0">
  <reporter-output>
  </reporter-output>
  <suite started-at="2024-07-20T18:32:10Z" name="Default suite" finished-at="2024-07-20T18:32:10Z" duration-ms="22">
    <groups>
    </groups>
    <test started-at="2024-07-20T18:32:10Z" name="Default test" finished-at="2024-07-20T18:32:10Z" duration-ms="22">
      <class name="learning.PS2">
        <test-method is-config="true" signature="beforeRun()[pri:0, instance:learning.PS2@38604b81]" started-at="2024-07-21T00:02:10Z" name="beforeRun" finished-at="2024-07-21T00:02:10Z" duration-ms="4" status="PASS">
          <reporter-output>
          </reporter-output>
        </test-method> <!-- beforeRun -->
        <test-method signature="testRun()[pri:0, instance:learning.PS2@38604b81]" started-at="2024-07-21T00:02:10Z" name="testRun" finished-at="2024-07-21T00:02:10Z" duration-ms="5" status="PASS">
          <reporter-output>
          </reporter-output>
        </test-method> <!-- testRun -->
      </class> <!-- learning.PS2 -->
    </test> <!-- Default test -->
  </suite> <!-- Default suite -->
</testng-results>
